<?xml version="1.0" encoding="UTF-8" ?>
<testsuite errors="0" failures="0" hostname="localhost.localdomain" name="backendjavajunit.ej01.DiscountCalculatorTest" skipped="0" tests="4" time="0.049" timestamp="2023-07-20T23:32:11">
  <properties>
[...]
</properties>
  <testcase classname="backendjavajunit.ej01.DiscountCalculatorTest" name="testCalculateZeroDiscount" time="0.002" />
  <testcase classname="backendjavajunit.ej01.DiscountCalculatorTest" name="testCalculateMinDiscount" time="0.0" />
  <testcase classname="backendjavajunit.ej01.DiscountCalculatorTest" name="testCalculateMaxDiscount" time="0.0" />
  <testcase classname="backendjavajunit.ej01.DiscountCalculatorTest" name="testCalculateDiscount" time="0.0" />
  <system-out><![CDATA[]]></system-out>
  <system-err><![CDATA[]]></system-err>
</testsuite>
